# JRE version: OpenJDK Runtime Environment (7.0_95) (build 1.7.0_95-b00)
# Java VM: OpenJDK 64-Bit Server VM (24.95-b01 mixed mode linux-amd64 compressed oops)
Heap
 PSYoungGen      total 237056K, used 43508K [0x00000000eaa80000, 0x0000000100000000, 0x0000000100000000)
  eden space 155136K, 0% used [0x00000000eaa80000,0x00000000eaa80000,0x00000000f4200000)
  from space 81920K, 53% used [0x00000000fb000000,0x00000000fda7d250,0x0000000100000000)
  to   space 97280K, 0% used [0x00000000f4200000,0x00000000f4200000,0x00000000fa100000)
 ParOldGen       total 292864K, used 292480K [0x00000000c0000000, 0x00000000d1e00000, 0x00000000eaa80000)
  object space 292864K, 99% used [0x00000000c0000000,0x00000000d1da03e0,0x00000000d1e00000)
 PSPermGen       total 21504K, used 6460K [0x00000000b5a00000, 0x00000000b6f00000, 0x00000000c0000000)
  object space 21504K, 30% used [0x00000000b5a00000,0x00000000b604f0d0,0x00000000b6f00000)
GC Heap History (10 events):
Event: 18.847 GC heap after
Heap after GC invocations=18 (full 4):
 PSYoungGen      total 259072K, used 28572K [0x00000000eaa80000, 0x0000000100000000, 0x0000000100000000)
  eden space 197120K, 0% used [0x00000000eaa80000,0x00000000eaa80000,0x00000000f6b00000)
  from space 61952K, 46% used [0x00000000fc380000,0x00000000fdf67130,0x0000000100000000)
  to   space 76288K, 0% used [0x00000000f6b00000,0x00000000f6b00000,0x00000000fb580000)
 ParOldGen       total 291328K, used 191773K [0x00000000c0000000, 0x00000000d1c80000, 0x00000000eaa80000)
  object space 291328K, 65% used [0x00000000c0000000,0x00000000cbb47790,0x00000000d1c80000)
 PSPermGen       total 21504K, used 6381K [0x00000000b5a00000, 0x00000000b6f00000, 0x00000000c0000000)
  object space 21504K, 29% used [0x00000000b5a00000,0x00000000b603b760,0x00000000b6f00000)
}
Event: 19.831 GC heap before
{Heap before GC invocations=19 (full 4):
 PSYoungGen      total 259072K, used 225692K [0x00000000eaa80000, 0x0000000100000000, 0x0000000100000000)
  eden space 197120K, 100% used [0x00000000eaa80000,0x00000000f6b00000,0x00000000f6b00000)
  from space 61952K, 46% used [0x00000000fc380000,0x00000000fdf67130,0x0000000100000000)
  to   space 76288K, 0% used [0x00000000f6b00000,0x00000000f6b00000,0x00000000fb580000)
 ParOldGen       total 291328K, used 191773K [0x00000000c0000000, 0x00000000d1c80000, 0x00000000eaa80000)
  object space 291328K, 65% used [0x00000000c0000000,0x00000000cbb47790,0x00000000d1c80000)
 PSPermGen       total 21504K, used 6391K [0x00000000b5a00000, 0x00000000b6f00000, 0x00000000c0000000)
  object space 21504K, 29% used [0x00000000b5a00000,0x00000000b603dc98,0x00000000b6f00000)
Event: 20.029 GC heap after
Heap after GC invocations=19 (full 4):
 PSYoungGen      total 273408K, used 32055K [0x00000000eaa80000, 0x0000000100000000, 0x0000000100000000)
  eden space 197120K, 0% used [0x00000000eaa80000,0x00000000eaa80000,0x00000000f6b00000)
  from space 76288K, 42% used [0x00000000f6b00000,0x00000000f8a4dee8,0x00000000fb580000)
  to   space 73728K, 0% used [0x00000000fb800000,0x00000000fb800000,0x0000000100000000)
 ParOldGen       total 291328K, used 220604K [0x00000000c0000000, 0x00000000d1c80000, 0x00000000eaa80000)
  object space 291328K, 75% used [0x00000000c0000000,0x00000000cd76f118,0x00000000d1c80000)
 PSPermGen       total 21504K, used 6391K [0x00000000b5a00000, 0x00000000b6f00000, 0x00000000c0000000)
  object space 21504K, 29% used [0x00000000b5a00000,0x00000000b603dc98,0x00000000b6f00000)
}
Event: 20.890 GC heap before
{Heap before GC invocations=20 (full 4):
 PSYoungGen      total 273408K, used 229175K [0x00000000eaa80000, 0x0000000100000000, 0x0000000100000000)
  eden space 197120K, 100% used [0x00000000eaa80000,0x00000000f6b00000,0x00000000f6b00000)
  from space 76288K, 42% used [0x00000000f6b00000,0x00000000f8a4dee8,0x00000000fb580000)
  to   space 73728K, 0% used [0x00000000fb800000,0x00000000fb800000,0x0000000100000000)
 ParOldGen       total 291328K, used 220604K [0x00000000c0000000, 0x00000000d1c80000, 0x00000000eaa80000)
  object space 291328K, 75% used [0x00000000c0000000,0x00000000cd76f118,0x00000000d1c80000)
 PSPermGen       total 21504K, used 6440K [0x00000000b5a00000, 0x00000000b6f00000, 0x00000000c0000000)
  object space 21504K, 29% used [0x00000000b5a00000,0x00000000b604a170,0x00000000b6f00000)
Event: 20.998 GC heap after
Heap after GC invocations=20 (full 4):
 PSYoungGen      total 259584K, used 62429K [0x00000000eaa80000, 0x0000000100000000, 0x0000000100000000)
  eden space 185856K, 0% used [0x00000000eaa80000,0x00000000eaa80000,0x00000000f6000000)
  from space 73728K, 84% used [0x00000000fb800000,0x00000000ff4f74e0,0x0000000100000000)
  to   space 81920K, 0% used [0x00000000f6000000,0x00000000f6000000,0x00000000fb000000)
 ParOldGen       total 291328K, used 220604K [0x00000000c0000000, 0x00000000d1c80000, 0x00000000eaa80000)
  object space 291328K, 75% used [0x00000000c0000000,0x00000000cd76f118,0x00000000d1c80000)
 PSPermGen       total 21504K, used 6440K [0x00000000b5a00000, 0x00000000b6f00000, 0x00000000c0000000)
  object space 21504K, 29% used [0x00000000b5a00000,0x00000000b604a170,0x00000000b6f00000)
}
Event: 21.710 GC heap before
{Heap before GC invocations=21 (full 4):
 PSYoungGen      total 259584K, used 248285K [0x00000000eaa80000, 0x0000000100000000, 0x0000000100000000)
  eden space 185856K, 100% used [0x00000000eaa80000,0x00000000f6000000,0x00000000f6000000)
  from space 73728K, 84% used [0x00000000fb800000,0x00000000ff4f74e0,0x0000000100000000)
  to   space 81920K, 0% used [0x00000000f6000000,0x00000000f6000000,0x00000000fb000000)
 ParOldGen       total 291328K, used 220604K [0x00000000c0000000, 0x00000000d1c80000, 0x00000000eaa80000)
  object space 291328K, 75% used [0x00000000c0000000,0x00000000cd76f118,0x00000000d1c80000)
 PSPermGen       total 21504K, used 6446K [0x00000000b5a00000, 0x00000000b6f00000, 0x00000000c0000000)
  object space 21504K, 29% used [0x00000000b5a00000,0x00000000b604ba20,0x00000000b6f00000)
Event: 21.835 GC heap after
Heap after GC invocations=21 (full 4):
 PSYoungGen      total 267776K, used 81904K [0x00000000eaa80000, 0x0000000100000000, 0x0000000100000000)
  eden space 185856K, 0% used [0x00000000eaa80000,0x00000000eaa80000,0x00000000f6000000)
  from space 81920K, 99% used [0x00000000f6000000,0x00000000faffc3d8,0x00000000fb000000)
  to   space 81920K, 0% used [0x00000000fb000000,0x00000000fb000000,0x0000000100000000)
 ParOldGen       total 291328K, used 230985K [0x00000000c0000000, 0x00000000d1c80000, 0x00000000eaa80000)
  object space 291328K, 79% used [0x00000000c0000000,0x00000000ce1925b0,0x00000000d1c80000)
 PSPermGen       total 21504K, used 6446K [0x00000000b5a00000, 0x00000000b6f00000, 0x00000000c0000000)
  object space 21504K, 29% used [0x00000000b5a00000,0x00000000b604ba20,0x00000000b6f00000)
}
Event: 22.286 GC heap before
{Heap before GC invocations=22 (full 4):
 PSYoungGen      total 267776K, used 267760K [0x00000000eaa80000, 0x0000000100000000, 0x0000000100000000)
  eden space 185856K, 100% used [0x00000000eaa80000,0x00000000f6000000,0x00000000f6000000)
  from space 81920K, 99% used [0x00000000f6000000,0x00000000faffc3d8,0x00000000fb000000)
  to   space 81920K, 0% used [0x00000000fb000000,0x00000000fb000000,0x0000000100000000)
 ParOldGen       total 291328K, used 230985K [0x00000000c0000000, 0x00000000d1c80000, 0x00000000eaa80000)
  object space 291328K, 79% used [0x00000000c0000000,0x00000000ce1925b0,0x00000000d1c80000)
 PSPermGen       total 21504K, used 6460K [0x00000000b5a00000, 0x00000000b6f00000, 0x00000000c0000000)
  object space 21504K, 30% used [0x00000000b5a00000,0x00000000b604f290,0x00000000b6f00000)
Event: 22.470 GC heap after
Heap after GC invocations=22 (full 4):
 PSYoungGen      total 237056K, used 47281K [0x00000000eaa80000, 0x0000000100000000, 0x0000000100000000)
  eden space 155136K, 0% used [0x00000000eaa80000,0x00000000eaa80000,0x00000000f4200000)
  from space 81920K, 57% used [0x00000000fb000000,0x00000000fde2c510,0x0000000100000000)
  to   space 97280K, 0% used [0x00000000f4200000,0x00000000f4200000,0x00000000fa100000)
 ParOldGen       total 292864K, used 292573K [0x00000000c0000000, 0x00000000d1e00000, 0x00000000eaa80000)
  object space 292864K, 99% used [0x00000000c0000000,0x00000000d1db75f0,0x00000000d1e00000)
 PSPermGen       total 21504K, used 6460K [0x00000000b5a00000, 0x00000000b6f00000, 0x00000000c0000000)
  object space 21504K, 30% used [0x00000000b5a00000,0x00000000b604f290,0x00000000b6f00000)
}
Event: 22.470 GC heap before
{Heap before GC invocations=23 (full 5):
 PSYoungGen      total 237056K, used 47281K [0x00000000eaa80000, 0x0000000100000000, 0x0000000100000000)
  eden space 155136K, 0% used [0x00000000eaa80000,0x00000000eaa80000,0x00000000f4200000)
  from space 81920K, 57% used [0x00000000fb000000,0x00000000fde2c510,0x0000000100000000)
  to   space 97280K, 0% used [0x00000000f4200000,0x00000000f4200000,0x00000000fa100000)
 ParOldGen       total 292864K, used 292573K [0x00000000c0000000, 0x00000000d1e00000, 0x00000000eaa80000)
  object space 292864K, 99% used [0x00000000c0000000,0x00000000d1db75f0,0x00000000d1e00000)
 PSPermGen       total 21504K, used 6460K [0x00000000b5a00000, 0x00000000b6f00000, 0x00000000c0000000)
  object space 21504K, 30% used [0x00000000b5a00000,0x00000000b604f290,0x00000000b6f00000)

