# JRE version: OpenJDK Runtime Environment (7.0_95) (build 1.7.0_95-b00)
# Java VM: OpenJDK 64-Bit Server VM (24.95-b01 mixed mode linux-amd64 compressed oops)
Heap
 PSYoungGen      total 108032K, used 15856K [0x00000000eaa80000, 0x00000000f2780000, 0x0000000100000000)
  eden space 92160K, 0% used [0x00000000eaa80000,0x00000000eaa80000,0x00000000f0480000)
  from space 15872K, 99% used [0x00000000f0480000,0x00000000f13fc280,0x00000000f1400000)
  to   space 11776K, 0% used [0x00000000f1400000,0x00000000f1400000,0x00000000f1f80000)
 ParOldGen       total 30720K, used 29973K [0x00000000c0000000, 0x00000000c1e00000, 0x00000000eaa80000)
  object space 30720K, 97% used [0x00000000c0000000,0x00000000c1d454a0,0x00000000c1e00000)
 PSPermGen       total 21504K, used 6310K [0x00000000b5a00000, 0x00000000b6f00000, 0x00000000c0000000)
  object space 21504K, 29% used [0x00000000b5a00000,0x00000000b6029998,0x00000000b6f00000)
GC Heap History (10 events):
Event: 6.413 GC heap after
Heap after GC invocations=4 (full 0):
 PSYoungGen      total 26112K, used 1520K [0x00000000eaa80000, 0x00000000ec580000, 0x0000000100000000)
  eden space 24576K, 0% used [0x00000000eaa80000,0x00000000eaa80000,0x00000000ec280000)
  from space 1536K, 98% used [0x00000000ec400000,0x00000000ec57c0e0,0x00000000ec580000)
  to   space 1536K, 0% used [0x00000000ec280000,0x00000000ec280000,0x00000000ec400000)
 ParOldGen       total 30720K, used 6733K [0x00000000c0000000, 0x00000000c1e00000, 0x00000000eaa80000)
  object space 30720K, 21% used [0x00000000c0000000,0x00000000c0693598,0x00000000c1e00000)
 PSPermGen       total 21504K, used 6121K [0x00000000b5a00000, 0x00000000b6f00000, 0x00000000c0000000)
  object space 21504K, 28% used [0x00000000b5a00000,0x00000000b5ffa748,0x00000000b6f00000)
}
Event: 10.375 GC heap before
{Heap before GC invocations=5 (full 0):
 PSYoungGen      total 26112K, used 26096K [0x00000000eaa80000, 0x00000000ec580000, 0x0000000100000000)
  eden space 24576K, 100% used [0x00000000eaa80000,0x00000000ec280000,0x00000000ec280000)
  from space 1536K, 98% used [0x00000000ec400000,0x00000000ec57c0e0,0x00000000ec580000)
  to   space 1536K, 0% used [0x00000000ec280000,0x00000000ec280000,0x00000000ec400000)
 ParOldGen       total 30720K, used 6733K [0x00000000c0000000, 0x00000000c1e00000, 0x00000000eaa80000)
  object space 30720K, 21% used [0x00000000c0000000,0x00000000c0693598,0x00000000c1e00000)
 PSPermGen       total 21504K, used 6187K [0x00000000b5a00000, 0x00000000b6f00000, 0x00000000c0000000)
  object space 21504K, 28% used [0x00000000b5a00000,0x00000000b600ac90,0x00000000b6f00000)
Event: 10.464 GC heap after
Heap after GC invocations=5 (full 0):
 PSYoungGen      total 26112K, used 1520K [0x00000000eaa80000, 0x00000000ee880000, 0x0000000100000000)
  eden space 24576K, 0% used [0x00000000eaa80000,0x00000000eaa80000,0x00000000ec280000)
  from space 1536K, 98% used [0x00000000ec280000,0x00000000ec3fc0d0,0x00000000ec400000)
  to   space 7168K, 0% used [0x00000000ee180000,0x00000000ee180000,0x00000000ee880000)
 ParOldGen       total 30720K, used 10744K [0x00000000c0000000, 0x00000000c1e00000, 0x00000000eaa80000)
  object space 30720K, 34% used [0x00000000c0000000,0x00000000c0a7e080,0x00000000c1e00000)
 PSPermGen       total 21504K, used 6187K [0x00000000b5a00000, 0x00000000b6f00000, 0x00000000c0000000)
  object space 21504K, 28% used [0x00000000b5a00000,0x00000000b600ac90,0x00000000b6f00000)
}
Event: 12.726 GC heap before
{Heap before GC invocations=6 (full 0):
 PSYoungGen      total 26112K, used 26096K [0x00000000eaa80000, 0x00000000ee880000, 0x0000000100000000)
  eden space 24576K, 100% used [0x00000000eaa80000,0x00000000ec280000,0x00000000ec280000)
  from space 1536K, 98% used [0x00000000ec280000,0x00000000ec3fc0d0,0x00000000ec400000)
  to   space 7168K, 0% used [0x00000000ee180000,0x00000000ee180000,0x00000000ee880000)
 ParOldGen       total 30720K, used 10744K [0x00000000c0000000, 0x00000000c1e00000, 0x00000000eaa80000)
  object space 30720K, 34% used [0x00000000c0000000,0x00000000c0a7e080,0x00000000c1e00000)
 PSPermGen       total 21504K, used 6208K [0x00000000b5a00000, 0x00000000b6f00000, 0x00000000c0000000)
  object space 21504K, 28% used [0x00000000b5a00000,0x00000000b60101c0,0x00000000b6f00000)
Event: 12.890 GC heap after
Heap after GC invocations=6 (full 0):
 PSYoungGen      total 55296K, used 6192K [0x00000000eaa80000, 0x00000000eea80000, 0x0000000100000000)
  eden space 48128K, 0% used [0x00000000eaa80000,0x00000000eaa80000,0x00000000ed980000)
  from space 7168K, 86% used [0x00000000ee180000,0x00000000ee78c0d0,0x00000000ee880000)
  to   space 8192K, 0% used [0x00000000ed980000,0x00000000ed980000,0x00000000ee180000)
 ParOldGen       total 30720K, used 10744K [0x00000000c0000000, 0x00000000c1e00000, 0x00000000eaa80000)
  object space 30720K, 34% used [0x00000000c0000000,0x00000000c0a7e080,0x00000000c1e00000)
 PSPermGen       total 21504K, used 6208K [0x00000000b5a00000, 0x00000000b6f00000, 0x00000000c0000000)
  object space 21504K, 28% used [0x00000000b5a00000,0x00000000b60101c0,0x00000000b6f00000)
}
Event: 18.516 GC heap before
{Heap before GC invocations=7 (full 0):
 PSYoungGen      total 55296K, used 54320K [0x00000000eaa80000, 0x00000000eea80000, 0x0000000100000000)
  eden space 48128K, 100% used [0x00000000eaa80000,0x00000000ed980000,0x00000000ed980000)
  from space 7168K, 86% used [0x00000000ee180000,0x00000000ee78c0d0,0x00000000ee880000)
  to   space 8192K, 0% used [0x00000000ed980000,0x00000000ed980000,0x00000000ee180000)
 ParOldGen       total 30720K, used 10744K [0x00000000c0000000, 0x00000000c1e00000, 0x00000000eaa80000)
  object space 30720K, 34% used [0x00000000c0000000,0x00000000c0a7e080,0x00000000c1e00000)
 PSPermGen       total 21504K, used 6237K [0x00000000b5a00000, 0x00000000b6f00000, 0x00000000c0000000)
  object space 21504K, 29% used [0x00000000b5a00000,0x00000000b60175b0,0x00000000b6f00000)
Event: 18.895 GC heap after
Heap after GC invocations=7 (full 0):
 PSYoungGen      total 56320K, used 8187K [0x00000000eaa80000, 0x00000000f1f80000, 0x0000000100000000)
  eden space 48128K, 0% used [0x00000000eaa80000,0x00000000eaa80000,0x00000000ed980000)
  from space 8192K, 99% used [0x00000000ed980000,0x00000000ee17ed00,0x00000000ee180000)
  to   space 11776K, 0% used [0x00000000f1400000,0x00000000f1400000,0x00000000f1f80000)
 ParOldGen       total 30720K, used 15217K [0x00000000c0000000, 0x00000000c1e00000, 0x00000000eaa80000)
  object space 30720K, 49% used [0x00000000c0000000,0x00000000c0edc7f8,0x00000000c1e00000)
 PSPermGen       total 21504K, used 6237K [0x00000000b5a00000, 0x00000000b6f00000, 0x00000000c0000000)
  object space 21504K, 29% used [0x00000000b5a00000,0x00000000b60175b0,0x00000000b6f00000)
}
Event: 26.880 GC heap before
{Heap before GC invocations=8 (full 0):
 PSYoungGen      total 56320K, used 56315K [0x00000000eaa80000, 0x00000000f1f80000, 0x0000000100000000)
  eden space 48128K, 100% used [0x00000000eaa80000,0x00000000ed980000,0x00000000ed980000)
  from space 8192K, 99% used [0x00000000ed980000,0x00000000ee17ed00,0x00000000ee180000)
  to   space 11776K, 0% used [0x00000000f1400000,0x00000000f1400000,0x00000000f1f80000)
 ParOldGen       total 30720K, used 15217K [0x00000000c0000000, 0x00000000c1e00000, 0x00000000eaa80000)
  object space 30720K, 49% used [0x00000000c0000000,0x00000000c0edc7f8,0x00000000c1e00000)
 PSPermGen       total 21504K, used 6275K [0x00000000b5a00000, 0x00000000b6f00000, 0x00000000c0000000)
  object space 21504K, 29% used [0x00000000b5a00000,0x00000000b6020e00,0x00000000b6f00000)
Event: 27.442 GC heap after
Heap after GC invocations=8 (full 0):
 PSYoungGen      total 103936K, used 11760K [0x00000000eaa80000, 0x00000000f2780000, 0x0000000100000000)
  eden space 92160K, 0% used [0x00000000eaa80000,0x00000000eaa80000,0x00000000f0480000)
  from space 11776K, 99% used [0x00000000f1400000,0x00000000f1f7c270,0x00000000f1f80000)
  to   space 15872K, 0% used [0x00000000f0480000,0x00000000f0480000,0x00000000f1400000)
 ParOldGen       total 30720K, used 19234K [0x00000000c0000000, 0x00000000c1e00000, 0x00000000eaa80000)
  object space 30720K, 62% used [0x00000000c0000000,0x00000000c12c8820,0x00000000c1e00000)
 PSPermGen       total 21504K, used 6275K [0x00000000b5a00000, 0x00000000b6f00000, 0x00000000c0000000)
  object space 21504K, 29% used [0x00000000b5a00000,0x00000000b6020e00,0x00000000b6f00000)
}
Event: 35.865 GC heap before
{Heap before GC invocations=9 (full 0):
 PSYoungGen      total 103936K, used 103920K [0x00000000eaa80000, 0x00000000f2780000, 0x0000000100000000)
  eden space 92160K, 100% used [0x00000000eaa80000,0x00000000f0480000,0x00000000f0480000)
  from space 11776K, 99% used [0x00000000f1400000,0x00000000f1f7c270,0x00000000f1f80000)
  to   space 15872K, 0% used [0x00000000f0480000,0x00000000f0480000,0x00000000f1400000)
 ParOldGen       total 30720K, used 19234K [0x00000000c0000000, 0x00000000c1e00000, 0x00000000eaa80000)
  object space 30720K, 62% used [0x00000000c0000000,0x00000000c12c8820,0x00000000c1e00000)
 PSPermGen       total 21504K, used 6310K [0x00000000b5a00000, 0x00000000b6f00000, 0x00000000c0000000)
  object space 21504K, 29% used [0x00000000b5a00000,0x00000000b6029998,0x00000000b6f00000)

