# JRE version: OpenJDK Runtime Environment (7.0_95) (build 1.7.0_95-b00)
# Java VM: OpenJDK 64-Bit Server VM (24.95-b01 mixed mode linux-amd64 compressed oops)
Heap
 PSYoungGen      total 272896K, used 0K [0x00000000eaa80000, 0x0000000100000000, 0x0000000100000000)
  eden space 196096K, 0% used [0x00000000eaa80000,0x00000000eaa80000,0x00000000f6a00000)
  from space 76800K, 0% used [0x00000000f6a00000,0x00000000f6a00000,0x00000000fb500000)
  to   space 73728K, 0% used [0x00000000fb800000,0x00000000fb800000,0x0000000100000000)
 ParOldGen       total 300544K, used 290187K [0x00000000c0000000, 0x00000000d2580000, 0x00000000eaa80000)
  object space 300544K, 96% used [0x00000000c0000000,0x00000000d1b62d20,0x00000000d2580000)
 PSPermGen       total 21504K, used 6440K [0x00000000b5a00000, 0x00000000b6f00000, 0x00000000c0000000)
  object space 21504K, 29% used [0x00000000b5a00000,0x00000000b604a300,0x00000000b6f00000)
GC Heap History (10 events):
Event: 18.435 GC heap after
Heap after GC invocations=19 (full 3):
 PSYoungGen      total 272384K, used 52211K [0x00000000eaa80000, 0x0000000100000000, 0x0000000100000000)
  eden space 220160K, 0% used [0x00000000eaa80000,0x00000000eaa80000,0x00000000f8180000)
  from space 52224K, 99% used [0x00000000fc080000,0x00000000ff37cc08,0x00000000ff380000)
  to   space 64512K, 0% used [0x00000000f8180000,0x00000000f8180000,0x00000000fc080000)
 ParOldGen       total 180224K, used 141308K [0x00000000c0000000, 0x00000000cb000000, 0x00000000eaa80000)
  object space 180224K, 78% used [0x00000000c0000000,0x00000000c89ff3a0,0x00000000cb000000)
 PSPermGen       total 21504K, used 6378K [0x00000000b5a00000, 0x00000000b6f00000, 0x00000000c0000000)
  object space 21504K, 29% used [0x00000000b5a00000,0x00000000b603a8a0,0x00000000b6f00000)
}
Event: 19.464 GC heap before
{Heap before GC invocations=20 (full 3):
 PSYoungGen      total 272384K, used 272371K [0x00000000eaa80000, 0x0000000100000000, 0x0000000100000000)
  eden space 220160K, 100% used [0x00000000eaa80000,0x00000000f8180000,0x00000000f8180000)
  from space 52224K, 99% used [0x00000000fc080000,0x00000000ff37cc08,0x00000000ff380000)
  to   space 64512K, 0% used [0x00000000f8180000,0x00000000f8180000,0x00000000fc080000)
 ParOldGen       total 180224K, used 141308K [0x00000000c0000000, 0x00000000cb000000, 0x00000000eaa80000)
  object space 180224K, 78% used [0x00000000c0000000,0x00000000c89ff3a0,0x00000000cb000000)
 PSPermGen       total 21504K, used 6384K [0x00000000b5a00000, 0x00000000b6f00000, 0x00000000c0000000)
  object space 21504K, 29% used [0x00000000b5a00000,0x00000000b603c178,0x00000000b6f00000)
Event: 19.610 GC heap after
Heap after GC invocations=20 (full 3):
 PSYoungGen      total 257024K, used 36427K [0x00000000eaa80000, 0x0000000100000000, 0x0000000100000000)
  eden space 220160K, 0% used [0x00000000eaa80000,0x00000000eaa80000,0x00000000f8180000)
  from space 36864K, 98% used [0x00000000f8180000,0x00000000fa512d78,0x00000000fa580000)
  to   space 65536K, 0% used [0x00000000fc000000,0x00000000fc000000,0x0000000100000000)
 ParOldGen       total 194048K, used 193563K [0x00000000c0000000, 0x00000000cbd80000, 0x00000000eaa80000)
  object space 194048K, 99% used [0x00000000c0000000,0x00000000cbd06e38,0x00000000cbd80000)
 PSPermGen       total 21504K, used 6384K [0x00000000b5a00000, 0x00000000b6f00000, 0x00000000c0000000)
  object space 21504K, 29% used [0x00000000b5a00000,0x00000000b603c178,0x00000000b6f00000)
}
Event: 19.610 GC heap before
{Heap before GC invocations=21 (full 4):
 PSYoungGen      total 257024K, used 36427K [0x00000000eaa80000, 0x0000000100000000, 0x0000000100000000)
  eden space 220160K, 0% used [0x00000000eaa80000,0x00000000eaa80000,0x00000000f8180000)
  from space 36864K, 98% used [0x00000000f8180000,0x00000000fa512d78,0x00000000fa580000)
  to   space 65536K, 0% used [0x00000000fc000000,0x00000000fc000000,0x0000000100000000)
 ParOldGen       total 194048K, used 193563K [0x00000000c0000000, 0x00000000cbd80000, 0x00000000eaa80000)
  object space 194048K, 99% used [0x00000000c0000000,0x00000000cbd06e38,0x00000000cbd80000)
 PSPermGen       total 21504K, used 6384K [0x00000000b5a00000, 0x00000000b6f00000, 0x00000000c0000000)
  object space 21504K, 29% used [0x00000000b5a00000,0x00000000b603c178,0x00000000b6f00000)
Event: 20.838 GC heap after
Heap after GC invocations=21 (full 4):
 PSYoungGen      total 257024K, used 32074K [0x00000000eaa80000, 0x0000000100000000, 0x0000000100000000)
  eden space 220160K, 0% used [0x00000000eaa80000,0x00000000eaa80000,0x00000000f8180000)
  from space 36864K, 87% used [0x00000000f8180000,0x00000000fa0d2bf0,0x00000000fa580000)
  to   space 65536K, 0% used [0x00000000fc000000,0x00000000fc000000,0x0000000100000000)
 ParOldGen       total 300544K, used 193728K [0x00000000c0000000, 0x00000000d2580000, 0x00000000eaa80000)
  object space 300544K, 64% used [0x00000000c0000000,0x00000000cbd301c8,0x00000000d2580000)
 PSPermGen       total 21504K, used 6383K [0x00000000b5a00000, 0x00000000b6f00000, 0x00000000c0000000)
  object space 21504K, 29% used [0x00000000b5a00000,0x00000000b603bff8,0x00000000b6f00000)
}
Event: 21.884 GC heap before
{Heap before GC invocations=22 (full 4):
 PSYoungGen      total 257024K, used 252234K [0x00000000eaa80000, 0x0000000100000000, 0x0000000100000000)
  eden space 220160K, 100% used [0x00000000eaa80000,0x00000000f8180000,0x00000000f8180000)
  from space 36864K, 87% used [0x00000000f8180000,0x00000000fa0d2bf0,0x00000000fa580000)
  to   space 65536K, 0% used [0x00000000fc000000,0x00000000fc000000,0x0000000100000000)
 ParOldGen       total 300544K, used 193728K [0x00000000c0000000, 0x00000000d2580000, 0x00000000eaa80000)
  object space 300544K, 64% used [0x00000000c0000000,0x00000000cbd301c8,0x00000000d2580000)
 PSPermGen       total 21504K, used 6393K [0x00000000b5a00000, 0x00000000b6f00000, 0x00000000c0000000)
  object space 21504K, 29% used [0x00000000b5a00000,0x00000000b603e4b8,0x00000000b6f00000)
Event: 22.073 GC heap after
Heap after GC invocations=22 (full 4):
 PSYoungGen      total 261632K, used 65507K [0x00000000eaa80000, 0x0000000100000000, 0x0000000100000000)
  eden space 196096K, 0% used [0x00000000eaa80000,0x00000000eaa80000,0x00000000f6a00000)
  from space 65536K, 99% used [0x00000000fc000000,0x00000000ffff8f20,0x0000000100000000)
  to   space 76800K, 0% used [0x00000000f6a00000,0x00000000f6a00000,0x00000000fb500000)
 ParOldGen       total 300544K, used 194602K [0x00000000c0000000, 0x00000000d2580000, 0x00000000eaa80000)
  object space 300544K, 64% used [0x00000000c0000000,0x00000000cbe0aa00,0x00000000d2580000)
 PSPermGen       total 21504K, used 6393K [0x00000000b5a00000, 0x00000000b6f00000, 0x00000000c0000000)
  object space 21504K, 29% used [0x00000000b5a00000,0x00000000b603e4b8,0x00000000b6f00000)
}
Event: 22.717 GC heap before
{Heap before GC invocations=23 (full 4):
 PSYoungGen      total 261632K, used 261603K [0x00000000eaa80000, 0x0000000100000000, 0x0000000100000000)
  eden space 196096K, 100% used [0x00000000eaa80000,0x00000000f6a00000,0x00000000f6a00000)
  from space 65536K, 99% used [0x00000000fc000000,0x00000000ffff8f20,0x0000000100000000)
  to   space 76800K, 0% used [0x00000000f6a00000,0x00000000f6a00000,0x00000000fb500000)
 ParOldGen       total 300544K, used 194602K [0x00000000c0000000, 0x00000000d2580000, 0x00000000eaa80000)
  object space 300544K, 64% used [0x00000000c0000000,0x00000000cbe0aa00,0x00000000d2580000)
 PSPermGen       total 21504K, used 6440K [0x00000000b5a00000, 0x00000000b6f00000, 0x00000000c0000000)
  object space 21504K, 29% used [0x00000000b5a00000,0x00000000b604a320,0x00000000b6f00000)
Event: 22.905 GC heap after
Heap after GC invocations=23 (full 4):
 PSYoungGen      total 272896K, used 32160K [0x00000000eaa80000, 0x0000000100000000, 0x0000000100000000)
  eden space 196096K, 0% used [0x00000000eaa80000,0x00000000eaa80000,0x00000000f6a00000)
  from space 76800K, 41% used [0x00000000f6a00000,0x00000000f8968010,0x00000000fb500000)
  to   space 73728K, 0% used [0x00000000fb800000,0x00000000fb800000,0x0000000100000000)
 ParOldGen       total 300544K, used 260028K [0x00000000c0000000, 0x00000000d2580000, 0x00000000eaa80000)
  object space 300544K, 86% used [0x00000000c0000000,0x00000000cfdef328,0x00000000d2580000)
 PSPermGen       total 21504K, used 6440K [0x00000000b5a00000, 0x00000000b6f00000, 0x00000000c0000000)
  object space 21504K, 29% used [0x00000000b5a00000,0x00000000b604a320,0x00000000b6f00000)
}
Event: 22.905 GC heap before
{Heap before GC invocations=24 (full 5):
 PSYoungGen      total 272896K, used 32160K [0x00000000eaa80000, 0x0000000100000000, 0x0000000100000000)
  eden space 196096K, 0% used [0x00000000eaa80000,0x00000000eaa80000,0x00000000f6a00000)
  from space 76800K, 41% used [0x00000000f6a00000,0x00000000f8968010,0x00000000fb500000)
  to   space 73728K, 0% used [0x00000000fb800000,0x00000000fb800000,0x0000000100000000)
 ParOldGen       total 300544K, used 260028K [0x00000000c0000000, 0x00000000d2580000, 0x00000000eaa80000)
  object space 300544K, 86% used [0x00000000c0000000,0x00000000cfdef328,0x00000000d2580000)
 PSPermGen       total 21504K, used 6440K [0x00000000b5a00000, 0x00000000b6f00000, 0x00000000c0000000)
  object space 21504K, 29% used [0x00000000b5a00000,0x00000000b604a320,0x00000000b6f00000)

